<?xml version="1.0" encoding="UTF-8"?>
<!-- Generated by org.testng.reporters.JUnitReportReporter -->
<testsuite hostname="LAPTOP-U74Q3VS2" name="in.ibm.chirra.saf.FWSetup.FW_Eecute_testNG" tests="1" failures="0" timestamp="18 Jun 2020 09:16:36 GMT" time="25.650" errors="0">
  <testcase name="runFrameWork" time="25.650" classname="in.ibm.chirra.saf.FWSetup.FW_Eecute_testNG"/>
</testsuite> <!-- in.ibm.chirra.saf.FWSetup.FW_Eecute_testNG -->
