<?xml version="1.0" encoding="UTF-8"?>
<!-- Generated by org.testng.reporters.JUnitReportReporter -->
<testsuite hostname="LAPTOP-U74Q3VS2" name="in.ibm.chirra.saf.test.Test_1" tests="1" failures="0" timestamp="18 Jun 2020 09:16:36 GMT" time="4.753" errors="0">
  <testcase name="sampleTest1" time="4.753" classname="in.ibm.chirra.saf.test.Test_1"/>
</testsuite> <!-- in.ibm.chirra.saf.test.Test_1 -->
