<?xml version="1.0" encoding="UTF-8"?>
<!-- Generated by org.testng.reporters.JUnitReportReporter -->
<testsuite hostname="LAPTOP-U74Q3VS2" name="in.ibm.chirra.saf.test.Test_1" tests="1" failures="0" timestamp="25 Jun 2020 15:44:06 GMT" time="13.365" errors="0">
  <testcase name="sampleTest1" time="13.365" classname="in.ibm.chirra.saf.test.Test_1"/>
</testsuite> <!-- in.ibm.chirra.saf.test.Test_1 -->
