<?xml version="1.0" encoding="UTF-8"?>
<!-- Generated by org.testng.reporters.JUnitReportReporter -->
<testsuite hostname="LAPTOP-U74Q3VS2" name="in.ibm.chirra.saf.test.Test_2" tests="1" failures="0" timestamp="18 Jun 2020 10:34:41 GMT" time="2.950" errors="0">
  <testcase name="sampleTest1" time="2.950" classname="in.ibm.chirra.saf.test.Test_2"/>
</testsuite> <!-- in.ibm.chirra.saf.test.Test_2 -->
