<?xml version="1.0" encoding="UTF-8"?>
<!-- Generated by org.testng.reporters.JUnitReportReporter -->
<testsuite hostname="LAPTOP-U74Q3VS2" name="in.ibm.chirra.saf.FWSetup.FW_Eecute_testNG" tests="1" failures="0" timestamp="20 Jun 2020 08:35:19 GMT" time="22.222" errors="0">
  <testcase name="runFrameWork" time="22.222" classname="in.ibm.chirra.saf.FWSetup.FW_Eecute_testNG"/>
</testsuite> <!-- in.ibm.chirra.saf.FWSetup.FW_Eecute_testNG -->
