<?xml version="1.0" encoding="UTF-8"?>
<!-- Generated by org.testng.reporters.JUnitReportReporter -->
<testsuite hostname="LAPTOP-U74Q3VS2" name="in.ibm.chirra.saf.FWSetup.FW_Eecute" tests="1" failures="0" timestamp="16 Jun 2020 07:15:59 GMT" time="2.549" errors="0">
  <testcase name="runFrameWork" time="2.549" classname="in.ibm.chirra.saf.FWSetup.FW_Eecute"/>
</testsuite> <!-- in.ibm.chirra.saf.FWSetup.FW_Eecute -->
