<?xml version="1.0" encoding="UTF-8"?>
<!-- Generated by org.testng.reporters.JUnitReportReporter -->
<testsuite hostname="LAPTOP-U74Q3VS2" name="in.ibm.chirra.saf.test.Test_1" tests="1" failures="0" timestamp="17 Jun 2020 06:00:07 GMT" time="5.875" errors="0">
  <testcase name="sampleTest1" time="5.875" classname="in.ibm.chirra.saf.test.Test_1"/>
</testsuite> <!-- in.ibm.chirra.saf.test.Test_1 -->
