<?xml version="1.0" encoding="UTF-8"?>
<!-- Generated by org.testng.reporters.JUnitReportReporter -->
<testsuite hostname="LAPTOP-U74Q3VS2" name="in.ibm.chirra.saf.FWSetup.FW_Eecute_testNG" tests="1" failures="0" timestamp="18 Jun 2020 10:34:41 GMT" time="15.405" errors="0">
  <testcase name="runFrameWork" time="15.405" classname="in.ibm.chirra.saf.FWSetup.FW_Eecute_testNG"/>
</testsuite> <!-- in.ibm.chirra.saf.FWSetup.FW_Eecute_testNG -->
