<?xml version="1.0" encoding="UTF-8"?>
<!-- Generated by org.testng.reporters.JUnitReportReporter -->
<testsuite hostname="LAPTOP-U74Q3VS2" name="in.ibm.chirra.saf.test.Test_2" tests="1" failures="0" timestamp="16 Jun 2020 08:45:17 GMT" time="0.018" errors="0">
  <testcase name="sampleTest1" time="0.018" classname="in.ibm.chirra.saf.test.Test_2"/>
</testsuite> <!-- in.ibm.chirra.saf.test.Test_2 -->
